Traceback (most recent call last):
  File "/opt/hostedtoolcache/Python/3.8.18/x64/lib/python3.8/site-packages/jupyter_cache/executors/utils.py", line 58, in single_nb_execution
    executenb(
  File "/opt/hostedtoolcache/Python/3.8.18/x64/lib/python3.8/site-packages/nbclient/client.py", line 1305, in execute
    return NotebookClient(nb=nb, resources=resources, km=km, **kwargs).execute()
  File "/opt/hostedtoolcache/Python/3.8.18/x64/lib/python3.8/site-packages/jupyter_core/utils/__init__.py", line 173, in wrapped
    return loop.run_until_complete(inner)
  File "/opt/hostedtoolcache/Python/3.8.18/x64/lib/python3.8/asyncio/base_events.py", line 616, in run_until_complete
    return future.result()
  File "/opt/hostedtoolcache/Python/3.8.18/x64/lib/python3.8/site-packages/nbclient/client.py", line 705, in async_execute
    await self.async_execute_cell(
  File "/opt/hostedtoolcache/Python/3.8.18/x64/lib/python3.8/site-packages/nbclient/client.py", line 1058, in async_execute_cell
    await self._check_raise_for_error(cell, cell_index, exec_reply)
  File "/opt/hostedtoolcache/Python/3.8.18/x64/lib/python3.8/site-packages/nbclient/client.py", line 914, in _check_raise_for_error
    raise CellExecutionError.from_cell_and_msg(cell, exec_reply_content)
nbclient.exceptions.CellExecutionError: An error occurred while executing the following cell:
------------------
import ssbuilder
# import markdown
from IPython.display import display, Markdown
------------------


[0;31m---------------------------------------------------------------------------[0m
[0;31mValueError[0m                                Traceback (most recent call last)
Cell [0;32mIn[1], line 1[0m
[0;32m----> 1[0m [38;5;28;01mimport[39;00m [38;5;21;01mssbuilder[39;00m
[1;32m      2[0m [38;5;66;03m# import markdown[39;00m
[1;32m      3[0m [38;5;28;01mfrom[39;00m [38;5;21;01mIPython[39;00m[38;5;21;01m.[39;00m[38;5;21;01mdisplay[39;00m [38;5;28;01mimport[39;00m display, Markdown

File [0;32m/opt/hostedtoolcache/Python/3.8.18/x64/lib/python3.8/site-packages/ssbuilder/__init__.py:4[0m
[1;32m      2[0m [38;5;28;01mfrom[39;00m [38;5;21;01m.[39;00m[38;5;21;01msingle_normal_curve[39;00m [38;5;28;01mimport[39;00m NormalCurveSlider
[1;32m      3[0m [38;5;28;01mfrom[39;00m [38;5;21;01m.[39;00m[38;5;21;01mtradeoff_questions[39;00m [38;5;28;01mimport[39;00m TradeoffLine, TradeoffBar
[0;32m----> 4[0m [38;5;28;01mfrom[39;00m [38;5;21;01m.[39;00m[38;5;21;01mutils[39;00m [38;5;28;01mimport[39;00m  md_params, check_query_length
[1;32m      5[0m [38;5;28;01mfrom[39;00m [38;5;21;01m.[39;00m[38;5;21;01mutils[39;00m [38;5;28;01mimport[39;00m merge_dir_csvs

File [0;32m/opt/hostedtoolcache/Python/3.8.18/x64/lib/python3.8/site-packages/ssbuilder/utils.py:159[0m
[1;32m    146[0m         est_chars [38;5;241m+[39m[38;5;241m=[39m prefix_length
[1;32m    148[0m     [38;5;28;01mreturn[39;00m est_chars
[1;32m    151[0m [38;5;129;43m@click[39;49m[38;5;241;43m.[39;49m[43mcommand[49m[43m([49m[43m)[49m
[1;32m    152[0m [38;5;129;43m@click[39;49m[38;5;241;43m.[39;49m[43margument[49m[43m([49m[38;5;124;43m'[39;49m[38;5;124;43mfolder[39;49m[38;5;124;43m'[39;49m[43m,[49m[43m [49m[38;5;28;43mtype[39;49m[38;5;241;43m=[39;49m[43mclick[49m[38;5;241;43m.[39;49m[43mPath[49m[43m([49m[43mexists[49m[38;5;241;43m=[39;49m[38;5;28;43;01mTrue[39;49;00m[43m)[49m[43m)[49m
[1;32m    153[0m [38;5;129;43m@click[39;49m[38;5;241;43m.[39;49m[43moption[49m[43m([49m[38;5;124;43m'[39;49m[38;5;124;43m-m[39;49m[38;5;124;43m'[39;49m[43m,[49m[43m [49m[38;5;124;43m'[39;49m[38;5;124;43m--merge-on[39;49m[38;5;124;43m'[39;49m[43m,[49m[43m [49m[43mdefault[49m[38;5;241;43m=[39;49m[38;5;124;43m'[39;49m[38;5;124;43mid[39;49m[38;5;124;43m'[39;49m[43m,[49m[43m [49m[43mmultiple[49m[38;5;241;43m=[39;49m[38;5;28;43;01mTrue[39;49;00m[43m)[49m
[1;32m    154[0m [38;5;129;43m@click[39;49m[38;5;241;43m.[39;49m[43moption[49m[43m([49m[38;5;124;43m'[39;49m[38;5;124;43m-h[39;49m[38;5;124;43m'[39;49m[43m,[49m[43m [49m[38;5;124;43m'[39;49m[38;5;124;43m--header[39;49m[38;5;124;43m'[39;49m[43m,[49m[43m [49m[43mdefault[49m[38;5;241;43m=[39;49m[38;5;241;43m0[39;49m[43m)[49m
[1;32m    155[0m [38;5;129;43m@click[39;49m[38;5;241;43m.[39;49m[43moption[49m[43m([49m[38;5;124;43m'[39;49m[38;5;124;43m-s[39;49m[38;5;124;43m'[39;49m[43m,[49m[43m [49m[38;5;124;43m'[39;49m[38;5;124;43m--skip-row[39;49m[38;5;124;43m'[39;49m[43m,[49m[43m [49m[43mmultiple[49m[38;5;241;43m=[39;49m[38;5;28;43;01mTrue[39;49;00m[43m,[49m[43m [49m[38;5;28;43mtype[39;49m[38;5;241;43m=[39;49m[38;5;28;43mint[39;49m[43m)[49m
[1;32m    156[0m [38;5;129;43m@click[39;49m[38;5;241;43m.[39;49m[43moption[49m[43m([49m[38;5;124;43m'[39;49m[38;5;124;43m-o[39;49m[38;5;124;43m'[39;49m[43m,[49m[38;5;124;43m'[39;49m[38;5;124;43m--out-name[39;49m[38;5;124;43m'[39;49m[43m,[49m[43mdefault[49m[38;5;241;43m=[39;49m[38;5;28;43;01mNone[39;49;00m[43m)[49m
[1;32m    157[0m [38;5;129;43m@click[39;49m[38;5;241;43m.[39;49m[43moption[49m[43m([49m[38;5;124;43m'[39;49m[38;5;124;43m-v[39;49m[38;5;124;43m'[39;49m[43m,[49m[38;5;124;43m'[39;49m[38;5;124;43m--verbose[39;49m[38;5;124;43m'[39;49m[43m,[49m[43mis_flag[49m[38;5;241;43m=[39;49m[38;5;28;43;01mTrue[39;49;00m[43m)[49m
[1;32m    158[0m [38;5;129;43m@click[39;49m[38;5;241;43m.[39;49m[43moption[49m[43m([49m[38;5;124;43m'[39;49m[38;5;124;43m-c[39;49m[38;5;124;43m'[39;49m[43m,[49m[38;5;124;43m'[39;49m[38;5;124;43m--complete-only[39;49m[38;5;124;43m'[39;49m[43m,[49m[43mis_flag[49m[38;5;241;43m=[39;49m[38;5;28;43;01mTrue[39;49;00m[43m)[49m
[0;32m--> 159[0m [38;5;28;43;01mdef[39;49;00m[43m [49m[38;5;21;43mmerge_dir_csvs[39;49m[43m([49m[43mfolder[49m[43m,[49m[43mmerge_on[49m[38;5;241;43m=[39;49m[38;5;124;43m'[39;49m[38;5;124;43mid[39;49m[38;5;124;43m'[39;49m[43m,[49m[43mout_name[49m[38;5;241;43m=[39;49m[38;5;28;43;01mNone[39;49;00m[43m,[49m[43m [49m[43mheader[49m[38;5;241;43m=[39;49m[38;5;241;43m0[39;49m[43m,[49m[43m [49m[43mskip_row_list[49m[38;5;241;43m=[39;49m[43m[[49m[38;5;241;43m1[39;49m[43m,[49m[38;5;241;43m2[39;49m[43m][49m[43m,[49m
[1;32m    160[0m [43m                   [49m[43mverbose[49m[38;5;241;43m=[39;49m[38;5;28;43;01mFalse[39;49;00m[43m,[49m[43m [49m[43mskip_row[49m[43m [49m[38;5;241;43m=[39;49m[38;5;28;43;01mNone[39;49;00m[43m,[49m[43mcomplete_only[49m[38;5;241;43m=[39;49m[38;5;28;43;01mFalse[39;49;00m[43m)[49m[43m:[49m
[1;32m    161[0m [38;5;250;43m    [39;49m[38;5;124;43;03m'''[39;49;00m
[1;32m    162[0m [38;5;124;43;03m    merge all csvs in a folder into a single CSV file[39;49;00m
[1;32m    163[0m [38;5;124;43;03m    [39;49;00m
[0;32m   (...)[0m
[1;32m    179[0m [38;5;124;43;03m        print extra information out[39;49;00m
[1;32m    180[0m [38;5;124;43;03m    '''[39;49;00m
[1;32m    181[0m [43m    [49m[38;5;28;43;01mif[39;49;00m[43m [49m[43mskip_row[49m[43m:[49m

File [0;32m/opt/hostedtoolcache/Python/3.8.18/x64/lib/python3.8/site-packages/click/decorators.py:373[0m, in [0;36moption.<locals>.decorator[0;34m(f)[0m
[1;32m    372[0m [38;5;28;01mdef[39;00m [38;5;21mdecorator[39m(f: FC) [38;5;241m-[39m[38;5;241m>[39m FC:
[0;32m--> 373[0m     _param_memo(f, [38;5;28;43mcls[39;49m[43m([49m[43mparam_decls[49m[43m,[49m[43m [49m[38;5;241;43m*[39;49m[38;5;241;43m*[39;49m[43mattrs[49m[43m)[49m)
[1;32m    374[0m     [38;5;28;01mreturn[39;00m f

File [0;32m/opt/hostedtoolcache/Python/3.8.18/x64/lib/python3.8/site-packages/click/core.py:2536[0m, in [0;36mOption.__init__[0;34m(self, param_decls, show_default, prompt, confirmation_prompt, prompt_required, hide_input, is_flag, flag_value, multiple, count, allow_from_autoenv, type, help, hidden, show_choices, show_envvar, **attrs)[0m
[1;32m   2533[0m     help [38;5;241m=[39m inspect[38;5;241m.[39mcleandoc(help)
[1;32m   2535[0m default_is_missing [38;5;241m=[39m [38;5;124m"[39m[38;5;124mdefault[39m[38;5;124m"[39m [38;5;129;01mnot[39;00m [38;5;129;01min[39;00m attrs
[0;32m-> 2536[0m [38;5;28;43msuper[39;49m[43m([49m[43m)[49m[38;5;241;43m.[39;49m[38;5;21;43m__init__[39;49m[43m([49m[43mparam_decls[49m[43m,[49m[43m [49m[38;5;28;43mtype[39;49m[38;5;241;43m=[39;49m[38;5;28;43mtype[39;49m[43m,[49m[43m [49m[43mmultiple[49m[38;5;241;43m=[39;49m[43mmultiple[49m[43m,[49m[43m [49m[38;5;241;43m*[39;49m[38;5;241;43m*[39;49m[43mattrs[49m[43m)[49m
[1;32m   2538[0m [38;5;28;01mif[39;00m prompt [38;5;129;01mis[39;00m [38;5;28;01mTrue[39;00m:
[1;32m   2539[0m     [38;5;28;01mif[39;00m [38;5;28mself[39m[38;5;241m.[39mname [38;5;129;01mis[39;00m [38;5;28;01mNone[39;00m:

File [0;32m/opt/hostedtoolcache/Python/3.8.18/x64/lib/python3.8/site-packages/click/core.py:2151[0m, in [0;36mParameter.__init__[0;34m(self, param_decls, type, required, default, callback, nargs, multiple, metavar, expose_value, is_eager, envvar, shell_complete)[0m
[1;32m   2149[0m         check_default [38;5;241m=[39m [38;5;28mnext[39m(_check_iter(check_default), [38;5;28;01mNone[39;00m)
[1;32m   2150[0m     [38;5;28;01mexcept[39;00m [38;5;167;01mTypeError[39;00m:
[0;32m-> 2151[0m         [38;5;28;01mraise[39;00m [38;5;167;01mValueError[39;00m(
[1;32m   2152[0m             [38;5;124m"[39m[38;5;124m'[39m[38;5;124mdefault[39m[38;5;124m'[39m[38;5;124m must be a list when [39m[38;5;124m'[39m[38;5;124mmultiple[39m[38;5;124m'[39m[38;5;124m is true.[39m[38;5;124m"[39m
[1;32m   2153[0m         ) [38;5;28;01mfrom[39;00m [38;5;28;01mNone[39;00m
[1;32m   2155[0m [38;5;66;03m# Can be None for multiple with empty default.[39;00m
[1;32m   2156[0m [38;5;28;01mif[39;00m nargs [38;5;241m!=[39m [38;5;241m1[39m [38;5;129;01mand[39;00m check_default [38;5;129;01mis[39;00m [38;5;129;01mnot[39;00m [38;5;28;01mNone[39;00m:

[0;31mValueError[0m: 'default' must be a list when 'multiple' is true.

